<?xml version="1.0" encoding="UTF-8"?>
<!-- Generated by org.testng.reporters.JUnitXMLReporter -->
<testsuite ignored="0" hostname="DESKTOP-N13ARBV" failures="0" tests="6" name="Default test" time="14.39" errors="0" timestamp="2023-12-21T14:33:52 IST">
  <testcase classname="api.test.TC_DDTUserModuleTest_002" name="createUserDetail" time="5.237"/>
  <testcase classname="api.test.TC_DDTUserModuleTest_002" name="createUserDetail" time="1.404"/>
  <testcase classname="api.test.TC_DDTUserModuleTest_002" name="createUserDetail" time="1.299"/>
  <testcase classname="api.test.TC_DDTUserModuleTest_002" name="deleteUserDetail" time="1.158"/>
  <testcase classname="api.test.TC_DDTUserModuleTest_002" name="deleteUserDetail" time="1.207"/>
  <testcase classname="api.test.TC_DDTUserModuleTest_002" name="deleteUserDetail" time="1.246"/>
</testsuite> <!-- Default test -->
