<?xml version="1.0" encoding="UTF-8"?>
<!-- Generated by org.testng.reporters.JUnitXMLReporter -->
<testsuite ignored="1" hostname="DESKTOP-N13ARBV" failures="0" tests="10" name="Test" time="23.038" errors="0" timestamp="2023-12-21T19:24:22 IST">
  <testcase classname="api.test.TC_UserModuleTest_001" name="createUserDetail" time="5.221"/>
  <testcase classname="api.test.TC_UserModuleTest_001" name="getUserDetail" time="2.022"/>
  <testcase classname="api.test.TC_UserModuleTest_001" name="updateUserDetail" time="1.623"/>
  <testcase classname="api.test.TC_UserModuleTest_001" name="deleteUserDetail" time="1.198"/>
  <testcase classname="api.test.TC_DDTUserModuleTest_002" name="createUserDetail" time="1.777"/>
  <testcase classname="api.test.TC_DDTUserModuleTest_002" name="createUserDetail" time="1.766"/>
  <testcase classname="api.test.TC_DDTUserModuleTest_002" name="createUserDetail" time="1.455"/>
  <testcase classname="api.test.TC_DDTUserModuleTest_002" name="deleteUserDetail" time="1.698"/>
  <testcase classname="api.test.TC_DDTUserModuleTest_002" name="deleteUserDetail" time="1.284"/>
  <testcase classname="api.test.TC_DDTUserModuleTest_002" name="deleteUserDetail" time="1.572"/>
  <testcase classname="api.test.BaseClass" name="@BeforeSuite CommonMethod" time="0.0">
    <ignored/>
  </testcase> <!-- @BeforeSuite CommonMethod -->
</testsuite> <!-- Test -->
