<?xml version="1.0" encoding="UTF-8"?>
<!-- Generated by org.testng.reporters.JUnitXMLReporter -->
<testsuite ignored="1" hostname="DESKTOP-N13ARBV" failures="0" tests="10" name="Test" time="14.371" errors="0" timestamp="2023-12-22T09:20:00 IST">
  <testcase classname="api.test.TC_UserModuleTest_001" name="createUserDetail" time="2.868"/>
  <testcase classname="api.test.TC_UserModuleTest_001" name="getUserDetail" time="1.121"/>
  <testcase classname="api.test.TC_UserModuleTest_001" name="updateUserDetail" time="1.115"/>
  <testcase classname="api.test.TC_UserModuleTest_001" name="deleteUserDetail" time="1.105"/>
  <testcase classname="api.test.TC_DDTUserModuleTest_002" name="createUserDetail" time="1.114"/>
  <testcase classname="api.test.TC_DDTUserModuleTest_002" name="createUserDetail" time="1.181"/>
  <testcase classname="api.test.TC_DDTUserModuleTest_002" name="createUserDetail" time="1.13"/>
  <testcase classname="api.test.TC_DDTUserModuleTest_002" name="deleteUserDetail" time="1.09"/>
  <testcase classname="api.test.TC_DDTUserModuleTest_002" name="deleteUserDetail" time="1.124"/>
  <testcase classname="api.test.TC_DDTUserModuleTest_002" name="deleteUserDetail" time="1.112"/>
  <testcase classname="api.test.BaseClass" name="@BeforeSuite CommonMethod" time="0.0">
    <ignored/>
  </testcase> <!-- @BeforeSuite CommonMethod -->
</testsuite> <!-- Test -->
