<?xml version="1.0" encoding="UTF-8"?>
<testsuite xmlns:xsi="http://www.w3.org/2001/XMLSchema-instance" xsi:noNamespaceSchemaLocation="https://maven.apache.org/surefire/maven-surefire-plugin/xsd/surefire-test-report-3.0.xsd" version="3.0" name="TestSuite" time="15.621" tests="10" errors="0" skipped="0" failures="0">
  <properties>
[...]
</properties>
  <testcase name="createUserDetail" classname="api.test.TC_UserModuleTest_001" time="2.869">
    <system-out><![CDATA[{
    "code": 200,
    "type": "unknown",
    "message": "846274760"
}
]]></system-out>
  </testcase>
  <testcase name="getUserDetail" classname="api.test.TC_UserModuleTest_001" time="1.122">
    <system-out><![CDATA[{
    "id": 846274760,
    "username": "inez.dibbert",
    "firstName": "Bryan",
    "lastName": "Kreiger",
    "email": "liana.streich@yahoo.com",
    "password": "c9di3bh5drbgg",
    "phone": "225.973.4318",
    "userStatus": 0
}
]]></system-out>
  </testcase>
  <testcase name="updateUserDetail" classname="api.test.TC_UserModuleTest_001" time="1.116">
    <system-out><![CDATA[{
    "code": 200,
    "type": "unknown",
    "message": "846274760"
}
]]></system-out>
  </testcase>
  <testcase name="deleteUserDetail" classname="api.test.TC_UserModuleTest_001" time="1.107">
    <system-out><![CDATA[{
    "code": 200,
    "type": "unknown",
    "message": "inez.dibbert"
}
]]></system-out>
  </testcase>
  <testcase name="createUserDetail[121, zena123456, vipin, mishra, vipin@gmail.com, As123, 9867542345, 0](1)" classname="api.test.TC_DDTUserModuleTest_002" time="1.114">
    <system-out><![CDATA[{
    "code": 200,
    "type": "unknown",
    "message": "121"
}
]]></system-out>
  </testcase>
  <testcase name="createUserDetail[122, zena12123, deepak, tiwari, deepak@gmail.com, sd345, 9867589897, 0](2)" classname="api.test.TC_DDTUserModuleTest_002" time="1.183">
    <system-out><![CDATA[{
    "code": 200,
    "type": "unknown",
    "message": "122"
}
]]></system-out>
  </testcase>
  <testcase name="createUserDetail[123, zena12678, ramesh, verma, ramesh@gmail.com, hygf5, 9822242345, 0](3)" classname="api.test.TC_DDTUserModuleTest_002" time="1.13">
    <system-out><![CDATA[{
    "code": 200,
    "type": "unknown",
    "message": "123"
}
]]></system-out>
  </testcase>
  <testcase name="deleteUserDetail[zena123456](1)" classname="api.test.TC_DDTUserModuleTest_002" time="1.091">
    <system-out><![CDATA[{
    "code": 200,
    "type": "unknown",
    "message": "zena123456"
}
]]></system-out>
  </testcase>
  <testcase name="deleteUserDetail[zena12123](2)" classname="api.test.TC_DDTUserModuleTest_002" time="1.126">
    <system-out><![CDATA[{
    "code": 200,
    "type": "unknown",
    "message": "zena12123"
}
]]></system-out>
  </testcase>
  <testcase name="deleteUserDetail[zena12678](3)" classname="api.test.TC_DDTUserModuleTest_002" time="1.113">
    <system-out><![CDATA[{
    "code": 200,
    "type": "unknown",
    "message": "zena12678"
}
]]></system-out>
  </testcase>
</testsuite>