<?xml version="1.0" encoding="UTF-8"?>
<testng-results ignored="1" total="11" passed="10" failed="0" skipped="0">
  <reporter-output>
  </reporter-output>
  <suite started-at="2023-12-22T09:19:45 IST" name="Suite" finished-at="2023-12-22T09:20:00 IST" duration-ms="14371">
    <groups>
    </groups>
    <test started-at="2023-12-22T09:19:45 IST" name="Test" finished-at="2023-12-22T09:20:00 IST" duration-ms="14371">
      <class name="api.test.TC_UserModuleTest_001">
        <test-method is-config="true" signature="CommonMethod()[pri:0, instance:api.test.TC_UserModuleTest_001@5f9b2141]" started-at="2023-12-22T09:19:45 IST" name="CommonMethod" finished-at="2023-12-22T09:19:45 IST" duration-ms="481" status="PASS">
          <reporter-output>
          </reporter-output>
        </test-method> <!-- CommonMethod -->
        <test-method is-config="true" signature="setUserDetails()[pri:0, instance:api.test.TC_UserModuleTest_001@5f9b2141]" started-at="2023-12-22T09:19:45 IST" name="setUserDetails" finished-at="2023-12-22T09:19:46 IST" duration-ms="184" status="PASS">
          <reporter-output>
          </reporter-output>
        </test-method> <!-- setUserDetails -->
        <test-method signature="createUserDetail()[pri:1, instance:api.test.TC_UserModuleTest_001@5f9b2141]" started-at="2023-12-22T09:19:46 IST" name="createUserDetail" finished-at="2023-12-22T09:19:48 IST" duration-ms="2868" status="PASS">
          <reporter-output>
          </reporter-output>
        </test-method> <!-- createUserDetail -->
        <test-method signature="getUserDetail()[pri:2, instance:api.test.TC_UserModuleTest_001@5f9b2141]" started-at="2023-12-22T09:19:48 IST" name="getUserDetail" finished-at="2023-12-22T09:19:50 IST" duration-ms="1121" status="PASS">
          <reporter-output>
          </reporter-output>
        </test-method> <!-- getUserDetail -->
        <test-method signature="updateUserDetail()[pri:3, instance:api.test.TC_UserModuleTest_001@5f9b2141]" started-at="2023-12-22T09:19:50 IST" name="updateUserDetail" finished-at="2023-12-22T09:19:51 IST" duration-ms="1115" status="PASS">
          <reporter-output>
          </reporter-output>
        </test-method> <!-- updateUserDetail -->
        <test-method signature="deleteUserDetail()[pri:4, instance:api.test.TC_UserModuleTest_001@5f9b2141]" started-at="2023-12-22T09:19:51 IST" name="deleteUserDetail" finished-at="2023-12-22T09:19:52 IST" duration-ms="1105" status="PASS">
          <reporter-output>
          </reporter-output>
        </test-method> <!-- deleteUserDetail -->
      </class> <!-- api.test.TC_UserModuleTest_001 -->
      <class name="api.test.TC_DDTUserModuleTest_002">
        <test-method signature="createUserDetail(java.lang.String,java.lang.String,java.lang.String,java.lang.String,java.lang.String,java.lang.String,java.lang.String,java.lang.String)[pri:1, instance:api.test.TC_DDTUserModuleTest_002@193f604a]" started-at="2023-12-22T09:19:53 IST" name="createUserDetail" data-provider="completeUserData" finished-at="2023-12-22T09:19:54 IST" duration-ms="1114" status="PASS">
          <params>
            <param index="0">
              <value>
                <![CDATA[121]]>
              </value>
            </param>
            <param index="1">
              <value>
                <![CDATA[zena123456]]>
              </value>
            </param>
            <param index="2">
              <value>
                <![CDATA[vipin]]>
              </value>
            </param>
            <param index="3">
              <value>
                <![CDATA[mishra]]>
              </value>
            </param>
            <param index="4">
              <value>
                <![CDATA[vipin@gmail.com]]>
              </value>
            </param>
            <param index="5">
              <value>
                <![CDATA[As123]]>
              </value>
            </param>
            <param index="6">
              <value>
                <![CDATA[9867542345]]>
              </value>
            </param>
            <param index="7">
              <value>
                <![CDATA[0]]>
              </value>
            </param>
          </params>
          <reporter-output>
          </reporter-output>
        </test-method> <!-- createUserDetail -->
        <test-method signature="createUserDetail(java.lang.String,java.lang.String,java.lang.String,java.lang.String,java.lang.String,java.lang.String,java.lang.String,java.lang.String)[pri:1, instance:api.test.TC_DDTUserModuleTest_002@193f604a]" started-at="2023-12-22T09:19:54 IST" name="createUserDetail" data-provider="completeUserData" finished-at="2023-12-22T09:19:55 IST" duration-ms="1181" status="PASS">
          <params>
            <param index="0">
              <value>
                <![CDATA[122]]>
              </value>
            </param>
            <param index="1">
              <value>
                <![CDATA[zena12123]]>
              </value>
            </param>
            <param index="2">
              <value>
                <![CDATA[deepak]]>
              </value>
            </param>
            <param index="3">
              <value>
                <![CDATA[tiwari]]>
              </value>
            </param>
            <param index="4">
              <value>
                <![CDATA[deepak@gmail.com]]>
              </value>
            </param>
            <param index="5">
              <value>
                <![CDATA[sd345]]>
              </value>
            </param>
            <param index="6">
              <value>
                <![CDATA[9867589897]]>
              </value>
            </param>
            <param index="7">
              <value>
                <![CDATA[0]]>
              </value>
            </param>
          </params>
          <reporter-output>
          </reporter-output>
        </test-method> <!-- createUserDetail -->
        <test-method signature="createUserDetail(java.lang.String,java.lang.String,java.lang.String,java.lang.String,java.lang.String,java.lang.String,java.lang.String,java.lang.String)[pri:1, instance:api.test.TC_DDTUserModuleTest_002@193f604a]" started-at="2023-12-22T09:19:55 IST" name="createUserDetail" data-provider="completeUserData" finished-at="2023-12-22T09:19:56 IST" duration-ms="1130" status="PASS">
          <params>
            <param index="0">
              <value>
                <![CDATA[123]]>
              </value>
            </param>
            <param index="1">
              <value>
                <![CDATA[zena12678]]>
              </value>
            </param>
            <param index="2">
              <value>
                <![CDATA[ramesh]]>
              </value>
            </param>
            <param index="3">
              <value>
                <![CDATA[verma]]>
              </value>
            </param>
            <param index="4">
              <value>
                <![CDATA[ramesh@gmail.com]]>
              </value>
            </param>
            <param index="5">
              <value>
                <![CDATA[hygf5]]>
              </value>
            </param>
            <param index="6">
              <value>
                <![CDATA[9822242345]]>
              </value>
            </param>
            <param index="7">
              <value>
                <![CDATA[0]]>
              </value>
            </param>
          </params>
          <reporter-output>
          </reporter-output>
        </test-method> <!-- createUserDetail -->
        <test-method signature="deleteUserDetail(java.lang.String)[pri:2, instance:api.test.TC_DDTUserModuleTest_002@193f604a]" started-at="2023-12-22T09:19:56 IST" name="deleteUserDetail" data-provider="OnlyUsername" finished-at="2023-12-22T09:19:57 IST" duration-ms="1090" status="PASS">
          <params>
            <param index="0">
              <value>
                <![CDATA[zena123456]]>
              </value>
            </param>
          </params>
          <reporter-output>
          </reporter-output>
        </test-method> <!-- deleteUserDetail -->
        <test-method signature="deleteUserDetail(java.lang.String)[pri:2, instance:api.test.TC_DDTUserModuleTest_002@193f604a]" started-at="2023-12-22T09:19:57 IST" name="deleteUserDetail" data-provider="OnlyUsername" finished-at="2023-12-22T09:19:59 IST" duration-ms="1124" status="PASS">
          <params>
            <param index="0">
              <value>
                <![CDATA[zena12123]]>
              </value>
            </param>
          </params>
          <reporter-output>
          </reporter-output>
        </test-method> <!-- deleteUserDetail -->
        <test-method signature="deleteUserDetail(java.lang.String)[pri:2, instance:api.test.TC_DDTUserModuleTest_002@193f604a]" started-at="2023-12-22T09:19:59 IST" name="deleteUserDetail" data-provider="OnlyUsername" finished-at="2023-12-22T09:20:00 IST" duration-ms="1112" status="PASS">
          <params>
            <param index="0">
              <value>
                <![CDATA[zena12678]]>
              </value>
            </param>
          </params>
          <reporter-output>
          </reporter-output>
        </test-method> <!-- deleteUserDetail -->
      </class> <!-- api.test.TC_DDTUserModuleTest_002 -->
    </test> <!-- Test -->
  </suite> <!-- Suite -->
</testng-results>
